ViroSample/android/app/build/outputs/logs/manifest-merger-ar-debug-report.txt
-- Merging decision tree log ---
manifest
ADDED from src/main/AndroidManifest.xml:1:1-33:12
INJECTED from src/main/AndroidManifest.xml:1:1-33:12
INJECTED from src/main/AndroidManifest.xml:1:1-33:12
INJECTED from src/main/AndroidManifest.xml:1:1-33:12
MERGED from src/main/AndroidManifest.xml:1:1-33:12
MERGED from [:@react-native-community_geolocation] AndroidManifest.xml:2:1-9:12
MERGED from [:react-native-maps] AndroidManifest.xml:2:1-12:12
MERGED from [com.facebook.react:react-native:0.59.3] AndroidManifest.xml:2:1-13:12
MERGED from [com.android.support:appcompat-v7:28.0.0] AndroidManifest.xml:17:1-22:12
MERGED from [:arcore_client] AndroidManifest.xml:17:1-46:12
MERGED from [:gvr_common] AndroidManifest.xml:2:1-9:12
MERGED from [:viro_renderer] AndroidManifest.xml:2:1-44:12
MERGED from [:react_viro] AndroidManifest.xml:2:1-16:12
MERGED from [com.google.android.exoplayer:exoplayer:2.7.1] AndroidManifest.xml:17:1-25:12
MERGED from [com.google.android.gms:play-services-maps:16.1.0] AndroidManifest.xml:17:1-38:12
MERGED from [com.google.android.gms:play-services-base:16.0.1] AndroidManifest.xml:17:1-29:12
MERGED from [com.google.android.gms:play-services-tasks:16.0.1] AndroidManifest.xml:2:1-9:12
MERGED from [com.google.android.gms:play-services-basement:16.0.1] AndroidManifest.xml:17:1-28:12
MERGED from [com.android.support:support-v4:27.1.1] AndroidManifest.xml:17:1-22:12
MERGED from [com.google.maps.android:android-maps-utils:0.5] AndroidManifest.xml:2:1-13:12
MERGED from [com.android.support:support-fragment:28.0.0] AndroidManifest.xml:17:1-22:12
MERGED from [com.android.support:animated-vector-drawable:28.0.0] AndroidManifest.xml:17:1-22:12
MERGED from [com.android.support:support-core-ui:28.0.0] AndroidManifest.xml:17:1-22:12
MERGED from [com.android.support:support-core-utils:28.0.0] AndroidManifest.xml:17:1-22:12
MERGED from [com.android.support:support-vector-drawable:28.0.0] AndroidManifest.xml:17:1-22:12
MERGED from [com.android.support:support-media-compat:27.1.1] AndroidManifest.xml:17:1-22:12
MERGED from [com.android.support:loader:28.0.0] AndroidManifest.xml:17:1-22:12
MERGED from [com.android.support:viewpager:28.0.0] AndroidManifest.xml:17:1-22:12
MERGED from [com.android.support:coordinatorlayout:28.0.0] AndroidManifest.xml:17:1-22:12
MERGED from [com.android.support:drawerlayout:28.0.0] AndroidManifest.xml:17:1-22:12
MERGED from [com.android.support:slidingpanelayout:28.0.0] AndroidManifest.xml:17:1-22:12
MERGED from [com.android.support:customview:28.0.0] AndroidManifest.xml:17:1-22:12
MERGED from [com.android.support:swiperefreshlayout:28.0.0] AndroidManifest.xml:17:1-22:12
MERGED from [com.android.support:asynclayoutinflater:28.0.0] AndroidManifest.xml:17:1-22:12
MERGED from [com.android.support:support-compat:28.0.0] AndroidManifest.xml:17:1-24:12
MERGED from [com.android.support:versionedparcelable:28.0.0] AndroidManifest.xml:17:1-25:12
MERGED from [com.android.support:cursoradapter:28.0.0] AndroidManifest.xml:17:1-22:12
MERGED from [com.google.android.exoplayer:exoplayer-dash:2.7.1] AndroidManifest.xml:17:1-25:12
MERGED from [com.google.android.exoplayer:exoplayer-hls:2.7.1] AndroidManifest.xml:17:1-25:12
MERGED from [com.google.android.exoplayer:exoplayer-smoothstreaming:2.7.1] AndroidManifest.xml:17:1-25:12
MERGED from [com.google.android.exoplayer:exoplayer-ui:2.7.1] AndroidManifest.xml:17:1-25:12
MERGED from [com.google.android.exoplayer:exoplayer-core:2.7.1] AndroidManifest.xml:17:1-25:12
MERGED from [android.arch.lifecycle:runtime:1.1.1] AndroidManifest.xml:17:1-22:12
MERGED from [com.android.support:documentfile:28.0.0] AndroidManifest.xml:17:1-22:12
MERGED from [com.android.support:localbroadcastmanager:28.0.0] AndroidManifest.xml:17:1-22:12
MERGED from [com.android.support:print:28.0.0] AndroidManifest.xml:17:1-22:12
MERGED from [android.arch.lifecycle:viewmodel:1.1.1] AndroidManifest.xml:17:1-22:12
MERGED from [android.arch.lifecycle:livedata:1.1.1] AndroidManifest.xml:17:1-22:12
MERGED from [android.arch.lifecycle:livedata-core:1.1.1] AndroidManifest.xml:17:1-22:12
MERGED from [android.arch.core:runtime:1.1.1] AndroidManifest.xml:17:1-22:12
MERGED from [com.android.support:interpolator:28.0.0] AndroidManifest.xml:17:1-22:12
MERGED from [com.facebook.fresco:fresco:1.10.0] AndroidManifest.xml:2:1-9:12
MERGED from [com.facebook.fresco:imagepipeline-okhttp3:1.10.0] AndroidManifest.xml:2:1-9:12
MERGED from [com.facebook.fresco:drawee:1.10.0] AndroidManifest.xml:2:1-9:12
MERGED from [com.facebook.fresco:imagepipeline:1.10.0] AndroidManifest.xml:2:1-9:12
MERGED from [com.facebook.fresco:imagepipeline-base:1.10.0] AndroidManifest.xml:2:1-9:12
MERGED from [com.facebook.soloader:soloader:0.6.0] AndroidManifest.xml:2:1-13:12
MERGED from [com.facebook.fresco:fbcore:1.10.0] AndroidManifest.xml:2:1-9:12
INJECTED from src/debug/AndroidManifest.xml:2:1-8:12
INJECTED from src/debug/AndroidManifest.xml:2:1-8:12
INJECTED from src/debug/AndroidManifest.xml:2:1-8:12
	package
		ADDED from src/main/AndroidManifest.xml:1:70-94
		INJECTED from src/main/AndroidManifest.xml
		ADDED from src/main/AndroidManifest.xml:1:70-94
		INJECTED from src/debug/AndroidManifest.xml
	android:versionName
		INJECTED from src/main/AndroidManifest.xml
		ADDED from src/main/AndroidManifest.xml:1:1-33:12
		INJECTED from src/debug/AndroidManifest.xml
	xmlns:tools
		ADDED from src/debug/AndroidManifest.xml:3:5-51
	android:versionCode
		INJECTED from src/main/AndroidManifest.xml
		ADDED from src/main/AndroidManifest.xml:1:1-33:12
		INJECTED from src/debug/AndroidManifest.xml
	xmlns:android
		ADDED from src/main/AndroidManifest.xml:1:11-69
uses-permission#android.permission.INTERNET
ADDED from src/main/AndroidManifest.xml:3:5-67
MERGED from [:react-native-maps] AndroidManifest.xml:9:5-67
MERGED from [:react-native-maps] AndroidManifest.xml:9:5-67
MERGED from [:viro_renderer] AndroidManifest.xml:25:5-67
MERGED from [:viro_renderer] AndroidManifest.xml:25:5-67
MERGED from [com.google.android.gms:play-services-maps:16.1.0] AndroidManifest.xml:24:5-67
MERGED from [com.google.android.gms:play-services-maps:16.1.0] AndroidManifest.xml:24:5-67
	android:name
		ADDED from src/main/AndroidManifest.xml:3:22-64
uses-permission#android.permission.CAMERA
ADDED from src/main/AndroidManifest.xml:4:5-65
	android:name
		ADDED from src/main/AndroidManifest.xml:4:22-62
uses-permission#android.permission.ACCESS_FINE_LOCATION
ADDED from src/main/AndroidManifest.xml:5:5-78
	android:name
		ADDED from src/main/AndroidManifest.xml:5:22-76
application
ADDED from src/main/AndroidManifest.xml:7:5-31:19
MERGED from src/main/AndroidManifest.xml:7:5-31:19
MERGED from src/main/AndroidManifest.xml:7:5-31:19
MERGED from [com.facebook.react:react-native:0.59.3] AndroidManifest.xml:11:5-20
MERGED from [com.facebook.react:react-native:0.59.3] AndroidManifest.xml:11:5-20
MERGED from [:arcore_client] AndroidManifest.xml:30:5-44:19
MERGED from [:arcore_client] AndroidManifest.xml:30:5-44:19
MERGED from [:react_viro] AndroidManifest.xml:11:5-14:19
MERGED from [:react_viro] AndroidManifest.xml:11:5-14:19
MERGED from [com.google.android.gms:play-services-maps:16.1.0] AndroidManifest.xml:30:5-36:19
MERGED from [com.google.android.gms:play-services-maps:16.1.0] AndroidManifest.xml:30:5-36:19
MERGED from [com.google.android.gms:play-services-base:16.0.1] AndroidManifest.xml:22:5-27:19
MERGED from [com.google.android.gms:play-services-base:16.0.1] AndroidManifest.xml:22:5-27:19
MERGED from [com.google.android.gms:play-services-tasks:16.0.1] AndroidManifest.xml:7:5-20
MERGED from [com.google.android.gms:play-services-tasks:16.0.1] AndroidManifest.xml:7:5-20
MERGED from [com.google.android.gms:play-services-basement:16.0.1] AndroidManifest.xml:22:5-26:19
MERGED from [com.google.android.gms:play-services-basement:16.0.1] AndroidManifest.xml:22:5-26:19
MERGED from [com.google.maps.android:android-maps-utils:0.5] AndroidManifest.xml:7:5-11:19
MERGED from [com.google.maps.android:android-maps-utils:0.5] AndroidManifest.xml:7:5-11:19
MERGED from [com.android.support:support-compat:28.0.0] AndroidManifest.xml:22:5-94
MERGED from [com.android.support:support-compat:28.0.0] AndroidManifest.xml:22:5-94
MERGED from [com.android.support:versionedparcelable:28.0.0] AndroidManifest.xml:22:5-23:19
MERGED from [com.android.support:versionedparcelable:28.0.0] AndroidManifest.xml:22:5-23:19
MERGED from [com.facebook.soloader:soloader:0.6.0] AndroidManifest.xml:11:5-20
MERGED from [com.facebook.soloader:soloader:0.6.0] AndroidManifest.xml:11:5-20
	android:appComponentFactory
		ADDED from [com.android.support:support-compat:28.0.0] AndroidManifest.xml:22:18-91
	android:supportsRtl
		ADDED from [:react_viro] AndroidManifest.xml:13:9-35
	android:label
		ADDED from src/main/AndroidManifest.xml:9:7-39
		ADDED from src/main/AndroidManifest.xml:9:7-39
	tools:ignore
		ADDED from src/debug/AndroidManifest.xml:7:75-114
	android:roundIcon
		ADDED from src/main/AndroidManifest.xml:11:7-52
		ADDED from src/main/AndroidManifest.xml:11:7-52
	tools:targetApi
		ADDED from src/debug/AndroidManifest.xml:7:54-74
	android:icon
		ADDED from src/main/AndroidManifest.xml:10:7-41
		ADDED from src/main/AndroidManifest.xml:10:7-41
	android:allowBackup
		ADDED from src/main/AndroidManifest.xml:12:7-34
		ADDED from src/main/AndroidManifest.xml:12:7-34
	android:theme
		ADDED from src/main/AndroidManifest.xml:14:7-38
		ADDED from src/main/AndroidManifest.xml:14:7-38
	android:usesCleartextTraffic
		ADDED from src/main/AndroidManifest.xml:13:7-42
	android:name
		ADDED from src/main/AndroidManifest.xml:8:7-38
		ADDED from src/main/AndroidManifest.xml:8:7-38
meta-data#com.google.android.geo.API_KEY
ADDED from src/main/AndroidManifest.xml:15:7-17:65
	android:value
		ADDED from src/main/AndroidManifest.xml:17:7-62
	android:name
		ADDED from src/main/AndroidManifest.xml:16:7-52
activity#com.virosample.MainActivity
ADDED from src/main/AndroidManifest.xml:18:7-28:18
	android:label
		ADDED from src/main/AndroidManifest.xml:20:9-41
	android:windowSoftInputMode
		ADDED from src/main/AndroidManifest.xml:22:9-51
	android:configChanges
		ADDED from src/main/AndroidManifest.xml:21:9-86
	android:name
		ADDED from src/main/AndroidManifest.xml:19:9-37
intent-filter#action:name:android.intent.action.MAIN+category:name:android.intent.category.LAUNCHER+category:name:com.google.intent.category.CARDBOARD
ADDED from src/main/AndroidManifest.xml:23:9-27:25
action#android.intent.action.MAIN
ADDED from src/main/AndroidManifest.xml:24:13-65
	android:name
		ADDED from src/main/AndroidManifest.xml:24:21-62
category#android.intent.category.LAUNCHER
ADDED from src/main/AndroidManifest.xml:25:13-73
	android:name
		ADDED from src/main/AndroidManifest.xml:25:23-70
category#com.google.intent.category.CARDBOARD
ADDED from src/main/AndroidManifest.xml:26:13-77
	android:name
		ADDED from src/main/AndroidManifest.xml:26:23-74
activity#com.facebook.react.devsupport.DevSettingsActivity
ADDED from src/main/AndroidManifest.xml:29:7-84
	android:name
		ADDED from src/main/AndroidManifest.xml:29:17-81
meta-data#com.google.ar.core
ADDED from src/main/AndroidManifest.xml:30:7-79
	android:value
		ADDED from src/main/AndroidManifest.xml:30:52-76
	android:name
		ADDED from src/main/AndroidManifest.xml:30:18-51
uses-sdk
INJECTED from src/main/AndroidManifest.xml reason: use-sdk injection requested
INJECTED from src/main/AndroidManifest.xml
INJECTED from src/main/AndroidManifest.xml
MERGED from [:@react-native-community_geolocation] AndroidManifest.xml:5:5-7:41
MERGED from [:@react-native-community_geolocation] AndroidManifest.xml:5:5-7:41
MERGED from [:react-native-maps] AndroidManifest.xml:5:5-7:41
MERGED from [:react-native-maps] AndroidManifest.xml:5:5-7:41
MERGED from [com.facebook.react:react-native:0.59.3] AndroidManifest.xml:7:5-9:41
MERGED from [com.facebook.react:react-native:0.59.3] AndroidManifest.xml:7:5-9:41
MERGED from [com.android.support:appcompat-v7:28.0.0] AndroidManifest.xml:20:5-44
MERGED from [com.android.support:appcompat-v7:28.0.0] AndroidManifest.xml:20:5-44
MERGED from [:arcore_client] AndroidManifest.xml:26:5-28:41
MERGED from [:arcore_client] AndroidManifest.xml:26:5-28:41
MERGED from [:gvr_common] AndroidManifest.xml:5:5-7:41
MERGED from [:gvr_common] AndroidManifest.xml:5:5-7:41
MERGED from [:viro_renderer] AndroidManifest.xml:7:5-9:41
MERGED from [:viro_renderer] AndroidManifest.xml:7:5-9:41
MERGED from [:react_viro] AndroidManifest.xml:7:5-9:41
MERGED from [:react_viro] AndroidManifest.xml:7:5-9:41
MERGED from [com.google.android.exoplayer:exoplayer:2.7.1] AndroidManifest.xml:21:5-23:41
MERGED from [com.google.android.exoplayer:exoplayer:2.7.1] AndroidManifest.xml:21:5-23:41
MERGED from [com.google.android.gms:play-services-maps:16.1.0] AndroidManifest.xml:20:5-44
MERGED from [com.google.android.gms:play-services-maps:16.1.0] AndroidManifest.xml:20:5-44
MERGED from [com.google.android.gms:play-services-base:16.0.1] AndroidManifest.xml:20:5-44
MERGED from [com.google.android.gms:play-services-base:16.0.1] AndroidManifest.xml:20:5-44
MERGED from [com.google.android.gms:play-services-tasks:16.0.1] AndroidManifest.xml:5:5-44
MERGED from [com.google.android.gms:play-services-tasks:16.0.1] AndroidManifest.xml:5:5-44
MERGED from [com.google.android.gms:play-services-basement:16.0.1] AndroidManifest.xml:20:5-44
MERGED from [com.google.android.gms:play-services-basement:16.0.1] AndroidManifest.xml:20:5-44
MERGED from [com.android.support:support-v4:27.1.1] AndroidManifest.xml:20:5-44
MERGED from [com.android.support:support-v4:27.1.1] AndroidManifest.xml:20:5-44
MERGED from [com.google.maps.android:android-maps-utils:0.5] AndroidManifest.xml:5:5-43
MERGED from [com.google.maps.android:android-maps-utils:0.5] AndroidManifest.xml:5:5-43
MERGED from [com.android.support:support-fragment:28.0.0] AndroidManifest.xml:20:5-44
MERGED from [com.android.support:support-fragment:28.0.0] AndroidManifest.xml:20:5-44
MERGED from [com.android.support:animated-vector-drawable:28.0.0] AndroidManifest.xml:20:5-44
MERGED from [com.android.support:animated-vector-drawable:28.0.0] AndroidManifest.xml:20:5-44
MERGED from [com.android.support:support-core-ui:28.0.0] AndroidManifest.xml:20:5-44
MERGED from [com.android.support:support-core-ui:28.0.0] AndroidManifest.xml:20:5-44
MERGED from [com.android.support:support-core-utils:28.0.0] AndroidManifest.xml:20:5-44
MERGED from [com.android.support:support-core-utils:28.0.0] AndroidManifest.xml:20:5-44
MERGED from [com.android.support:support-vector-drawable:28.0.0] AndroidManifest.xml:20:5-44
MERGED from [com.android.support:support-vector-drawable:28.0.0] AndroidManifest.xml:20:5-44
MERGED from [com.android.support:support-media-compat:27.1.1] AndroidManifest.xml:20:5-44
MERGED from [com.android.support:support-media-compat:27.1.1] AndroidManifest.xml:20:5-44
MERGED from [com.android.support:loader:28.0.0] AndroidManifest.xml:20:5-44
MERGED from [com.android.support:loader:28.0.0] AndroidManifest.xml:20:5-44
MERGED from [com.android.support:viewpager:28.0.0] AndroidManifest.xml:20:5-44
MERGED from [com.android.support:viewpager:28.0.0] AndroidManifest.xml:20:5-44
MERGED from [com.android.support:coordinatorlayout:28.0.0] AndroidManifest.xml:20:5-44
MERGED from [com.android.support:coordinatorlayout:28.0.0] AndroidManifest.xml:20:5-44
MERGED from [com.android.support:drawerlayout:28.0.0] AndroidManifest.xml:20:5-44
MERGED from [com.android.support:drawerlayout:28.0.0] AndroidManifest.xml:20:5-44
MERGED from [com.android.support:slidingpanelayout:28.0.0] AndroidManifest.xml:20:5-44
MERGED from [com.android.support:slidingpanelayout:28.0.0] AndroidManifest.xml:20:5-44
MERGED from [com.android.support:customview:28.0.0] AndroidManifest.xml:20:5-44
MERGED from [com.android.support:customview:28.0.0] AndroidManifest.xml:20:5-44
MERGED from [com.android.support:swiperefreshlayout:28.0.0] AndroidManifest.xml:20:5-44
MERGED from [com.android.support:swiperefreshlayout:28.0.0] AndroidManifest.xml:20:5-44
MERGED from [com.android.support:asynclayoutinflater:28.0.0] AndroidManifest.xml:20:5-44
MERGED from [com.android.support:asynclayoutinflater:28.0.0] AndroidManifest.xml:20:5-44
MERGED from [com.android.support:support-compat:28.0.0] AndroidManifest.xml:20:5-44
MERGED from [com.android.support:support-compat:28.0.0] AndroidManifest.xml:20:5-44
MERGED from [com.android.support:versionedparcelable:28.0.0] AndroidManifest.xml:20:5-44
MERGED from [com.android.support:versionedparcelable:28.0.0] AndroidManifest.xml:20:5-44
MERGED from [com.android.support:cursoradapter:28.0.0] AndroidManifest.xml:20:5-44
MERGED from [com.android.support:cursoradapter:28.0.0] AndroidManifest.xml:20:5-44
MERGED from [com.google.android.exoplayer:exoplayer-dash:2.7.1] AndroidManifest.xml:21:5-23:41
MERGED from [com.google.android.exoplayer:exoplayer-dash:2.7.1] AndroidManifest.xml:21:5-23:41
MERGED from [com.google.android.exoplayer:exoplayer-hls:2.7.1] AndroidManifest.xml:21:5-23:41
MERGED from [com.google.android.exoplayer:exoplayer-hls:2.7.1] AndroidManifest.xml:21:5-23:41
MERGED from [com.google.android.exoplayer:exoplayer-smoothstreaming:2.7.1] AndroidManifest.xml:21:5-23:41
MERGED from [com.google.android.exoplayer:exoplayer-smoothstreaming:2.7.1] AndroidManifest.xml:21:5-23:41
MERGED from [com.google.android.exoplayer:exoplayer-ui:2.7.1] AndroidManifest.xml:21:5-23:41
MERGED from [com.google.android.exoplayer:exoplayer-ui:2.7.1] AndroidManifest.xml:21:5-23:41
MERGED from [com.google.android.exoplayer:exoplayer-core:2.7.1] AndroidManifest.xml:21:5-23:41
MERGED from [com.google.android.exoplayer:exoplayer-core:2.7.1] AndroidManifest.xml:21:5-23:41
MERGED from [android.arch.lifecycle:runtime:1.1.1] AndroidManifest.xml:20:5-44
MERGED from [android.arch.lifecycle:runtime:1.1.1] AndroidManifest.xml:20:5-44
MERGED from [com.android.support:documentfile:28.0.0] AndroidManifest.xml:20:5-44
MERGED from [com.android.support:documentfile:28.0.0] AndroidManifest.xml:20:5-44
MERGED from [com.android.support:localbroadcastmanager:28.0.0] AndroidManifest.xml:20:5-44
MERGED from [com.android.support:localbroadcastmanager:28.0.0] AndroidManifest.xml:20:5-44
MERGED from [com.android.support:print:28.0.0] AndroidManifest.xml:20:5-44
MERGED from [com.android.support:print:28.0.0] AndroidManifest.xml:20:5-44
MERGED from [android.arch.lifecycle:viewmodel:1.1.1] AndroidManifest.xml:20:5-44
MERGED from [android.arch.lifecycle:viewmodel:1.1.1] AndroidManifest.xml:20:5-44
MERGED from [android.arch.lifecycle:livedata:1.1.1] AndroidManifest.xml:20:5-44
MERGED from [android.arch.lifecycle:livedata:1.1.1] AndroidManifest.xml:20:5-44
MERGED from [android.arch.lifecycle:livedata-core:1.1.1] AndroidManifest.xml:20:5-44
MERGED from [android.arch.lifecycle:livedata-core:1.1.1] AndroidManifest.xml:20:5-44
MERGED from [android.arch.core:runtime:1.1.1] AndroidManifest.xml:20:5-44
MERGED from [android.arch.core:runtime:1.1.1] AndroidManifest.xml:20:5-44
MERGED from [com.android.support:interpolator:28.0.0] AndroidManifest.xml:20:5-44
MERGED from [com.android.support:interpolator:28.0.0] AndroidManifest.xml:20:5-44
MERGED from [com.facebook.fresco:fresco:1.10.0] AndroidManifest.xml:5:5-7:41
MERGED from [com.facebook.fresco:fresco:1.10.0] AndroidManifest.xml:5:5-7:41
MERGED from [com.facebook.fresco:imagepipeline-okhttp3:1.10.0] AndroidManifest.xml:5:5-7:41
MERGED from [com.facebook.fresco:imagepipeline-okhttp3:1.10.0] AndroidManifest.xml:5:5-7:41
MERGED from [com.facebook.fresco:drawee:1.10.0] AndroidManifest.xml:5:5-7:41
MERGED from [com.facebook.fresco:drawee:1.10.0] AndroidManifest.xml:5:5-7:41
MERGED from [com.facebook.fresco:imagepipeline:1.10.0] AndroidManifest.xml:5:5-7:41
MERGED from [com.facebook.fresco:imagepipeline:1.10.0] AndroidManifest.xml:5:5-7:41
MERGED from [com.facebook.fresco:imagepipeline-base:1.10.0] AndroidManifest.xml:5:5-7:41
MERGED from [com.facebook.fresco:imagepipeline-base:1.10.0] AndroidManifest.xml:5:5-7:41
MERGED from [com.facebook.soloader:soloader:0.6.0] AndroidManifest.xml:7:5-9:41
MERGED from [com.facebook.soloader:soloader:0.6.0] AndroidManifest.xml:7:5-9:41
MERGED from [com.facebook.fresco:fbcore:1.10.0] AndroidManifest.xml:5:5-7:41
MERGED from [com.facebook.fresco:fbcore:1.10.0] AndroidManifest.xml:5:5-7:41
INJECTED from src/debug/AndroidManifest.xml
INJECTED from src/debug/AndroidManifest.xml
	android:targetSdkVersion
		INJECTED from src/main/AndroidManifest.xml
		INJECTED from src/debug/AndroidManifest.xml
	android:minSdkVersion
		INJECTED from src/main/AndroidManifest.xml
		INJECTED from src/debug/AndroidManifest.xml
uses-permission#android.permission.SYSTEM_ALERT_WINDOW
ADDED from src/debug/AndroidManifest.xml:5:5-77
	android:name
		ADDED from src/debug/AndroidManifest.xml:5:22-75
uses-permission#android.permission.ACCESS_COARSE_LOCATION
ADDED from [:react-native-maps] AndroidManifest.xml:10:5-81
	android:name
		ADDED from [:react-native-maps] AndroidManifest.xml:10:22-78
meta-data#com.google.ar.core.min_apk_version
ADDED from [:arcore_client] AndroidManifest.xml:33:9-35:41
	android:value
		ADDED from [:arcore_client] AndroidManifest.xml:35:13-38
	android:name
		ADDED from [:arcore_client] AndroidManifest.xml:34:13-62
activity#com.google.ar.core.InstallActivity
ADDED from [:arcore_client] AndroidManifest.xml:37:9-43:80
	android:excludeFromRecents
		ADDED from [:arcore_client] AndroidManifest.xml:40:13-46
	android:launchMode
		ADDED from [:arcore_client] AndroidManifest.xml:42:13-43
	android:exported
		ADDED from [:arcore_client] AndroidManifest.xml:41:13-37
	android:configChanges
		ADDED from [:arcore_client] AndroidManifest.xml:39:13-74
	android:theme
		ADDED from [:arcore_client] AndroidManifest.xml:43:13-77
	android:name
		ADDED from [:arcore_client] AndroidManifest.xml:38:13-62
uses-feature#0x00030000
ADDED from [:viro_renderer] AndroidManifest.xml:11:5-13:35
	android:glEsVersion
		ADDED from [:viro_renderer] AndroidManifest.xml:12:9-41
	android:required
		ADDED from [:viro_renderer] AndroidManifest.xml:13:9-32
uses-permission#android.permission.VIBRATE
ADDED from [:viro_renderer] AndroidManifest.xml:16:5-66
	android:name
		ADDED from [:viro_renderer] AndroidManifest.xml:16:22-63
uses-permission#android.permission.READ_EXTERNAL_STORAGE
ADDED from [:viro_renderer] AndroidManifest.xml:18:5-80
	android:name
		ADDED from [:viro_renderer] AndroidManifest.xml:18:22-77
uses-permission#android.permission.RECORD_AUDIO
ADDED from [:viro_renderer] AndroidManifest.xml:20:5-71
	android:name
		ADDED from [:viro_renderer] AndroidManifest.xml:20:22-68
uses-permission#android.permission.NFC
ADDED from [:viro_renderer] AndroidManifest.xml:23:5-62
	android:name
		ADDED from [:viro_renderer] AndroidManifest.xml:23:22-59
uses-feature#android.hardware.sensor.accelerometer
ADDED from [:viro_renderer] AndroidManifest.xml:28:5-30:35
	android:required
		ADDED from [:viro_renderer] AndroidManifest.xml:30:9-32
	android:name
		ADDED from [:viro_renderer] AndroidManifest.xml:29:9-61
uses-feature#android.hardware.sensor.gyroscope
ADDED from [:viro_renderer] AndroidManifest.xml:31:5-33:35
	android:required
		ADDED from [:viro_renderer] AndroidManifest.xml:33:9-32
	android:name
		ADDED from [:viro_renderer] AndroidManifest.xml:32:9-57
uses-feature#android.software.vr.mode
ADDED from [:viro_renderer] AndroidManifest.xml:36:5-38:36
	android:required
		ADDED from [:viro_renderer] AndroidManifest.xml:38:9-33
	android:name
		ADDED from [:viro_renderer] AndroidManifest.xml:37:9-48
uses-feature#android.hardware.vr.high_performance
ADDED from [:viro_renderer] AndroidManifest.xml:40:5-42:36
	android:required
		ADDED from [:viro_renderer] AndroidManifest.xml:42:9-33
	android:name
		ADDED from [:viro_renderer] AndroidManifest.xml:41:9-60
uses-permission#android.permission.ACCESS_NETWORK_STATE
ADDED from [com.google.android.gms:play-services-maps:16.1.0] AndroidManifest.xml:23:5-79
	android:name
		ADDED from [com.google.android.gms:play-services-maps:16.1.0] AndroidManifest.xml:23:22-76
uses-feature#0x00020000
ADDED from [com.google.android.gms:play-services-maps:16.1.0] AndroidManifest.xml:26:5-28:35
REJECTED from src/debug/AndroidManifest.xml:26:5-28:35
	android:glEsVersion
		ADDED from [com.google.android.gms:play-services-maps:16.1.0] AndroidManifest.xml:27:9-41
	android:required
		ADDED from [com.google.android.gms:play-services-maps:16.1.0] AndroidManifest.xml:28:9-32
uses-library#org.apache.http.legacy
ADDED from [com.google.android.gms:play-services-maps:16.1.0] AndroidManifest.xml:33:9-35:40
	android:required
		ADDED from [com.google.android.gms:play-services-maps:16.1.0] AndroidManifest.xml:35:13-37
	android:name
		ADDED from [com.google.android.gms:play-services-maps:16.1.0] AndroidManifest.xml:34:13-50
activity#com.google.android.gms.common.api.GoogleApiActivity
ADDED from [com.google.android.gms:play-services-base:16.0.1] AndroidManifest.xml:23:9-26:75
	android:exported
		ADDED from [com.google.android.gms:play-services-base:16.0.1] AndroidManifest.xml:25:13-37
	android:theme
		ADDED from [com.google.android.gms:play-services-base:16.0.1] AndroidManifest.xml:26:13-72
	android:name
		ADDED from [com.google.android.gms:play-services-base:16.0.1] AndroidManifest.xml:24:13-79
meta-data#com.google.android.gms.version
ADDED from [com.google.android.gms:play-services-basement:16.0.1] AndroidManifest.xml:23:9-25:69
MERGED from [com.google.maps.android:android-maps-utils:0.5] AndroidManifest.xml:8:9-10:69
MERGED from [com.google.maps.android:android-maps-utils:0.5] AndroidManifest.xml:8:9-10:69
	android:value
		ADDED from [com.google.android.gms:play-services-basement:16.0.1] AndroidManifest.xml:25:13-66
	android:name
		ADDED from [com.google.android.gms:play-services-basement:16.0.1] AndroidManifest.xml:24:13-58